[INFO] Scanning for projects...
[INFO] 
[INFO] -------------------------< com.praxii:backend >-------------------------
[INFO] Building praxii-backend 0.0.1-SNAPSHOT
[INFO]   from pom.xml
[INFO] --------------------------------[ jar ]---------------------------------
[INFO] 
[INFO] >>> spring-boot:3.5.0:run (default-cli) > test-compile @ backend >>>
[INFO] 
[INFO] --- resources:3.3.1:resources (default-resources) @ backend ---
[INFO] Copying 1 resource from src/main/resources to target/classes
[INFO] Copying 0 resource from src/main/resources to target/classes
[INFO] 
[INFO] --- compiler:3.14.0:compile (default-compile) @ backend ---
[INFO] Recompiling the module because of changed source code.
[INFO] Compiling 15 source files with javac [debug parameters release 17] to target/classes
[INFO] 
[INFO] --- resources:3.3.1:testResources (default-testResources) @ backend ---
[INFO] skip non existing resourceDirectory /Users/emmanuelstephen/Documents/praxii/praxii/backend/src/test/resources
[INFO] 
[INFO] --- compiler:3.14.0:testCompile (default-testCompile) @ backend ---
[INFO] Recompiling the module because of changed dependency.
[INFO] Compiling 1 source file with javac [debug parameters release 17] to target/test-classes
[INFO] 
[INFO] <<< spring-boot:3.5.0:run (default-cli) < test-compile @ backend <<<
[INFO] 
[INFO] 
[INFO] --- spring-boot:3.5.0:run (default-cli) @ backend ---
[INFO] Attaching agents: []

  .   ____          _            __ _ _
 /\\ / ___'_ __ _ _(_)_ __  __ _ \ \ \ \
( ( )\___ | '_ | '_| | '_ \/ _` | \ \ \ \
 \\/  ___)| |_)| | | | | || (_| |  ) ) ) )
  '  |____| .__|_| |_|_| |_\__, | / / / /
 =========|_|==============|___/=/_/_/_/

 :: Spring Boot ::                (v3.5.0)

2025-07-17T17:34:14.614-05:00  INFO 18080 --- [           main] c.p.backend.PraxiiBackendApplication     : Starting PraxiiBackendApplication using Java 23.0.2 with PID 18080 (/Users/emmanuelstephen/Documents/praxii/praxii/backend/target/classes started by emmanuelstephen in /Users/emmanuelstephen/Documents/praxii/praxii/backend)
2025-07-17T17:34:14.616-05:00  INFO 18080 --- [           main] c.p.backend.PraxiiBackendApplication     : No active profile set, falling back to 1 default profile: "default"
2025-07-17T17:34:15.360-05:00  INFO 18080 --- [           main] .s.d.r.c.RepositoryConfigurationDelegate : Bootstrapping Spring Data MongoDB repositories in DEFAULT mode.
2025-07-17T17:34:15.437-05:00  INFO 18080 --- [           main] .s.d.r.c.RepositoryConfigurationDelegate : Finished Spring Data repository scanning in 69 ms. Found 2 MongoDB repository interfaces.
2025-07-17T17:34:15.914-05:00  INFO 18080 --- [           main] o.s.b.w.embedded.tomcat.TomcatWebServer  : Tomcat initialized with port 8080 (http)
2025-07-17T17:34:15.931-05:00  INFO 18080 --- [           main] o.apache.catalina.core.StandardService   : Starting service [Tomcat]
2025-07-17T17:34:15.931-05:00  INFO 18080 --- [           main] o.apache.catalina.core.StandardEngine    : Starting Servlet engine: [Apache Tomcat/10.1.41]
2025-07-17T17:34:15.996-05:00  INFO 18080 --- [           main] o.a.c.c.C.[Tomcat].[localhost].[/]       : Initializing Spring embedded WebApplicationContext
2025-07-17T17:34:15.997-05:00  INFO 18080 --- [           main] w.s.c.ServletWebServerApplicationContext : Root WebApplicationContext: initialization completed in 1321 ms
2025-07-17T17:34:16.196-05:00  INFO 18080 --- [           main] org.mongodb.driver.client                : MongoClient with metadata {"driver": {"name": "mongo-java-driver|sync|spring-boot", "version": "5.4.0"}, "os": {"type": "Darwin", "name": "Mac OS X", "architecture": "x86_64", "version": "15.5"}, "platform": "Java/Homebrew/23.0.2"} created with settings MongoClientSettings{readPreference=primary, writeConcern=WriteConcern{w=null, wTimeout=null ms, journal=null}, retryWrites=true, retryReads=true, readConcern=ReadConcern{level=null}, credential=null, transportSettings=null, commandListeners=[], codecRegistry=ProvidersCodecRegistry{codecProviders=[ValueCodecProvider{}, BsonValueCodecProvider{}, DBRefCodecProvider{}, DBObjectCodecProvider{}, DocumentCodecProvider{}, CollectionCodecProvider{}, IterableCodecProvider{}, MapCodecProvider{}, GeoJsonCodecProvider{}, GridFSFileCodecProvider{}, Jsr310CodecProvider{}, JsonObjectCodecProvider{}, BsonCodecProvider{}, EnumCodecProvider{}, com.mongodb.client.model.mql.ExpressionCodecProvider@2582b0ef, com.mongodb.Jep395RecordCodecProvider@70721c12, com.mongodb.KotlinCodecProvider@769bd849]}, loggerSettings=LoggerSettings{maxDocumentLength=1000}, clusterSettings={hosts=[localhost:27017], srvServiceName=mongodb, mode=SINGLE, requiredClusterType=UNKNOWN, requiredReplicaSetName='null', serverSelector='null', clusterListeners='[]', serverSelectionTimeout='30000 ms', localThreshold='15 ms'}, socketSettings=SocketSettings{connectTimeoutMS=10000, readTimeoutMS=0, receiveBufferSize=0, proxySettings=ProxySettings{host=null, port=null, username=null, password=null}}, heartbeatSocketSettings=SocketSettings{connectTimeoutMS=10000, readTimeoutMS=10000, receiveBufferSize=0, proxySettings=ProxySettings{host=null, port=null, username=null, password=null}}, connectionPoolSettings=ConnectionPoolSettings{maxSize=100, minSize=0, maxWaitTimeMS=120000, maxConnectionLifeTimeMS=0, maxConnectionIdleTimeMS=0, maintenanceInitialDelayMS=0, maintenanceFrequencyMS=60000, connectionPoolListeners=[], maxConnecting=2}, serverSettings=ServerSettings{heartbeatFrequencyMS=10000, minHeartbeatFrequencyMS=500, serverMonitoringMode=AUTO, serverListeners='[]', serverMonitorListeners='[]'}, sslSettings=SslSettings{enabled=false, invalidHostNameAllowed=false, context=null}, applicationName='null', compressorList=[], uuidRepresentation=JAVA_LEGACY, serverApi=null, autoEncryptionSettings=null, dnsClient=null, inetAddressResolver=null, contextProvider=null, timeoutMS=null}
2025-07-17T17:34:16.262-05:00  INFO 18080 --- [localhost:27017] org.mongodb.driver.cluster               : Monitor thread successfully connected to server with description ServerDescription{address=localhost:27017, type=STANDALONE, cryptd=false, state=CONNECTED, ok=true, minWireVersion=0, maxWireVersion=9, maxDocumentSize=16777216, logicalSessionTimeoutMinutes=30, roundTripTimeNanos=40590234, minRoundTripTimeNanos=0}
2025-07-17T17:34:16.264-05:00  WARN 18080 --- [           main] o.s.data.convert.CustomConversions       : Registering converter from interface java.util.List to interface org.springframework.data.domain.Vector as reading converter although it doesn't convert from a store-supported type; You might want to check your annotation setup at the converter implementation
2025-07-17T17:34:16.342-05:00  WARN 18080 --- [           main] o.s.data.convert.CustomConversions       : Registering converter from interface java.util.List to interface org.springframework.data.domain.Vector as reading converter although it doesn't convert from a store-supported type; You might want to check your annotation setup at the converter implementation
2025-07-17T17:34:17.064-05:00  INFO 18080 --- [           main] o.s.b.w.embedded.tomcat.TomcatWebServer  : Tomcat started on port 8080 (http) with context path '/'
2025-07-17T17:34:17.071-05:00  INFO 18080 --- [           main] c.p.backend.PraxiiBackendApplication     : Started PraxiiBackendApplication in 2.932 seconds (process running for 3.3)
2025-07-17T17:34:40.342-05:00  INFO 18080 --- [nio-8080-exec-1] o.a.c.c.C.[Tomcat].[localhost].[/]       : Initializing Spring DispatcherServlet 'dispatcherServlet'
2025-07-17T17:34:40.343-05:00  INFO 18080 --- [nio-8080-exec-1] o.s.web.servlet.DispatcherServlet        : Initializing Servlet 'dispatcherServlet'
2025-07-17T17:34:40.344-05:00  INFO 18080 --- [nio-8080-exec-1] o.s.web.servlet.DispatcherServlet        : Completed initialization in 1 ms
2025-07-17T17:34:53.448-05:00  INFO 18080 --- [nio-8080-exec-5] c.p.b.controller.JournalController       : Entered createJournal endpoint
2025-07-17T17:34:53.579-05:00  INFO 18080 --- [nio-8080-exec-5] c.p.b.controller.JournalController       : Saved journal for user: 687953e654b973e69d58d360 testuser at 2025-07-17T22:34:53.455678Z
2025-07-17T17:38:34.699-05:00  INFO 18080 --- [nio-8080-exec-6] c.p.b.controller.JournalController       : Entered createJournal endpoint
2025-07-17T17:38:34.706-05:00  INFO 18080 --- [nio-8080-exec-6] c.p.b.controller.JournalController       : Saved journal for user: 687953e654b973e69d58d360 testuser at 2025-07-17T22:38:34.702022Z
